2021-04-22 11:08:15.051 [restartedMain] INFO  com.ly.BlogSpringbootBackApplication - Starting BlogSpringbootBackApplication using Java 1.8.0_211 on LAPTOP-JTN9SC6G with PID 15064 (C:\Users\ASUS\Desktop\Blog\blog-springboot-back\target\classes started by ASUS in C:\Users\ASUS\Desktop\Blog\blog-springboot-back)
2021-04-22 11:08:15.055 [restartedMain] DEBUG com.ly.BlogSpringbootBackApplication - Running with Spring Boot v2.4.4, Spring v5.3.5
2021-04-22 11:08:15.055 [restartedMain] INFO  com.ly.BlogSpringbootBackApplication - No active profile set, falling back to default profiles: default
2021-04-22 11:08:15.130 [restartedMain] INFO  o.s.b.d.env.DevToolsPropertyDefaultsPostProcessor - Devtools property defaults active! Set 'spring.devtools.add-properties' to 'false' to disable
2021-04-22 11:08:15.130 [restartedMain] INFO  o.s.b.d.env.DevToolsPropertyDefaultsPostProcessor - For additional web related logging consider setting the 'logging.level.web' property to 'DEBUG'
2021-04-22 11:08:16.213 [restartedMain] INFO  o.s.d.r.config.RepositoryConfigurationDelegate - Bootstrapping Spring Data JPA repositories in DEFAULT mode.
2021-04-22 11:08:16.234 [restartedMain] INFO  o.s.d.r.config.RepositoryConfigurationDelegate - Finished Spring Data repository scanning in 8 ms. Found 0 JPA repository interfaces.
2021-04-22 11:08:17.297 [restartedMain] INFO  o.s.boot.web.embedded.tomcat.TomcatWebServer - Tomcat initialized with port(s): 8089 (http)
2021-04-22 11:08:17.308 [restartedMain] INFO  org.apache.coyote.http11.Http11NioProtocol - Initializing ProtocolHandler ["http-nio-8089"]
2021-04-22 11:08:17.309 [restartedMain] INFO  org.apache.catalina.core.StandardService - Starting service [Tomcat]
2021-04-22 11:08:17.309 [restartedMain] INFO  org.apache.catalina.core.StandardEngine - Starting Servlet engine: [Apache Tomcat/9.0.44]
2021-04-22 11:08:17.398 [restartedMain] INFO  o.a.c.core.ContainerBase.[Tomcat].[localhost].[/] - Initializing Spring embedded WebApplicationContext
2021-04-22 11:08:17.399 [restartedMain] INFO  o.s.b.w.s.c.ServletWebServerApplicationContext - Root WebApplicationContext: initialization completed in 2268 ms
2021-04-22 11:08:17.701 [restartedMain] INFO  org.hibernate.jpa.internal.util.LogHelper - HHH000204: Processing PersistenceUnitInfo [name: default]
2021-04-22 11:08:17.854 [restartedMain] INFO  org.hibernate.Version - HHH000412: Hibernate ORM core version 5.4.29.Final
2021-04-22 11:08:18.152 [restartedMain] INFO  org.hibernate.annotations.common.Version - HCANN000001: Hibernate Commons Annotations {5.1.2.Final}
2021-04-22 11:08:18.349 [restartedMain] INFO  com.zaxxer.hikari.HikariDataSource - HikariPool-1 - Starting...
2021-04-22 11:08:18.831 [restartedMain] INFO  com.zaxxer.hikari.HikariDataSource - HikariPool-1 - Start completed.
2021-04-22 11:08:18.874 [restartedMain] INFO  org.hibernate.dialect.Dialect - HHH000400: Using dialect: org.hibernate.dialect.MySQL57Dialect
2021-04-22 11:08:20.137 [restartedMain] INFO  o.h.e.t.jta.platform.internal.JtaPlatformInitiator - HHH000490: Using JtaPlatform implementation: [org.hibernate.engine.transaction.jta.platform.internal.NoJtaPlatform]
2021-04-22 11:08:20.148 [restartedMain] INFO  o.s.orm.jpa.LocalContainerEntityManagerFactoryBean - Initialized JPA EntityManagerFactory for persistence unit 'default'
2021-04-22 11:08:20.179 [restartedMain] INFO  o.s.b.d.autoconfigure.OptionalLiveReloadServer - LiveReload server is running on port 35729
2021-04-22 11:08:20.288 [restartedMain] WARN  o.s.b.a.o.j.JpaBaseConfiguration$JpaWebConfiguration - spring.jpa.open-in-view is enabled by default. Therefore, database queries may be performed during view rendering. Explicitly configure spring.jpa.open-in-view to disable this warning
2021-04-22 11:08:20.562 [restartedMain] INFO  o.s.scheduling.concurrent.ThreadPoolTaskExecutor - Initializing ExecutorService 'applicationTaskExecutor'
2021-04-22 11:08:20.887 [restartedMain] INFO  org.apache.coyote.http11.Http11NioProtocol - Starting ProtocolHandler ["http-nio-8089"]
2021-04-22 11:08:20.906 [restartedMain] INFO  o.s.boot.web.embedded.tomcat.TomcatWebServer - Tomcat started on port(s): 8089 (http) with context path ''
2021-04-22 11:08:20.916 [restartedMain] INFO  com.ly.BlogSpringbootBackApplication - Started BlogSpringbootBackApplication in 6.574 seconds (JVM running for 8.964)
2021-04-22 11:10:02.286 [restartedMain] INFO  com.ly.BlogSpringbootBackApplication - Starting BlogSpringbootBackApplication using Java 1.8.0_211 on LAPTOP-JTN9SC6G with PID 14860 (C:\Users\ASUS\Desktop\Blog\blog-springboot-back\target\classes started by ASUS in C:\Users\ASUS\Desktop\Blog\blog-springboot-back)
2021-04-22 11:10:02.286 [restartedMain] DEBUG com.ly.BlogSpringbootBackApplication - Running with Spring Boot v2.4.4, Spring v5.3.5
2021-04-22 11:10:02.286 [restartedMain] INFO  com.ly.BlogSpringbootBackApplication - No active profile set, falling back to default profiles: default
2021-04-22 11:10:02.333 [restartedMain] INFO  o.s.b.d.env.DevToolsPropertyDefaultsPostProcessor - Devtools property defaults active! Set 'spring.devtools.add-properties' to 'false' to disable
2021-04-22 11:10:02.333 [restartedMain] INFO  o.s.b.d.env.DevToolsPropertyDefaultsPostProcessor - For additional web related logging consider setting the 'logging.level.web' property to 'DEBUG'
2021-04-22 11:10:02.896 [restartedMain] INFO  o.s.d.r.config.RepositoryConfigurationDelegate - Bootstrapping Spring Data JPA repositories in DEFAULT mode.
2021-04-22 11:10:02.911 [restartedMain] INFO  o.s.d.r.config.RepositoryConfigurationDelegate - Finished Spring Data repository scanning in 7 ms. Found 0 JPA repository interfaces.
2021-04-22 11:10:03.567 [restartedMain] INFO  o.s.boot.web.embedded.tomcat.TomcatWebServer - Tomcat initialized with port(s): 8089 (http)
2021-04-22 11:10:03.567 [restartedMain] INFO  org.apache.coyote.http11.Http11NioProtocol - Initializing ProtocolHandler ["http-nio-8089"]
2021-04-22 11:10:03.567 [restartedMain] INFO  org.apache.catalina.core.StandardService - Starting service [Tomcat]
2021-04-22 11:10:03.567 [restartedMain] INFO  org.apache.catalina.core.StandardEngine - Starting Servlet engine: [Apache Tomcat/9.0.44]
2021-04-22 11:10:03.645 [restartedMain] INFO  o.a.c.core.ContainerBase.[Tomcat].[localhost].[/] - Initializing Spring embedded WebApplicationContext
2021-04-22 11:10:03.645 [restartedMain] INFO  o.s.b.w.s.c.ServletWebServerApplicationContext - Root WebApplicationContext: initialization completed in 1312 ms
2021-04-22 11:10:03.833 [restartedMain] INFO  org.hibernate.jpa.internal.util.LogHelper - HHH000204: Processing PersistenceUnitInfo [name: default]
2021-04-22 11:10:03.942 [restartedMain] INFO  org.hibernate.Version - HHH000412: Hibernate ORM core version 5.4.29.Final
2021-04-22 11:10:04.052 [restartedMain] INFO  org.hibernate.annotations.common.Version - HCANN000001: Hibernate Commons Annotations {5.1.2.Final}
2021-04-22 11:10:04.130 [restartedMain] INFO  com.zaxxer.hikari.HikariDataSource - HikariPool-1 - Starting...
2021-04-22 11:10:04.270 [restartedMain] INFO  com.zaxxer.hikari.HikariDataSource - HikariPool-1 - Start completed.
2021-04-22 11:10:04.302 [restartedMain] INFO  org.hibernate.dialect.Dialect - HHH000400: Using dialect: org.hibernate.dialect.MySQL57Dialect
2021-04-22 11:10:04.989 [restartedMain] INFO  o.h.e.t.jta.platform.internal.JtaPlatformInitiator - HHH000490: Using JtaPlatform implementation: [org.hibernate.engine.transaction.jta.platform.internal.NoJtaPlatform]
2021-04-22 11:10:05.005 [restartedMain] INFO  o.s.orm.jpa.LocalContainerEntityManagerFactoryBean - Initialized JPA EntityManagerFactory for persistence unit 'default'
2021-04-22 11:10:05.051 [restartedMain] INFO  o.s.b.d.autoconfigure.OptionalLiveReloadServer - LiveReload server is running on port 35729
2021-04-22 11:10:05.161 [restartedMain] WARN  o.s.b.a.o.j.JpaBaseConfiguration$JpaWebConfiguration - spring.jpa.open-in-view is enabled by default. Therefore, database queries may be performed during view rendering. Explicitly configure spring.jpa.open-in-view to disable this warning
2021-04-22 11:10:05.395 [restartedMain] INFO  o.s.scheduling.concurrent.ThreadPoolTaskExecutor - Initializing ExecutorService 'applicationTaskExecutor'
2021-04-22 11:10:05.707 [restartedMain] INFO  org.apache.coyote.http11.Http11NioProtocol - Starting ProtocolHandler ["http-nio-8089"]
2021-04-22 11:10:05.739 [restartedMain] INFO  o.s.boot.web.embedded.tomcat.TomcatWebServer - Tomcat started on port(s): 8089 (http) with context path ''
2021-04-22 11:10:05.739 [restartedMain] INFO  com.ly.BlogSpringbootBackApplication - Started BlogSpringbootBackApplication in 4.01 seconds (JVM running for 4.978)
2021-04-22 12:02:25.408 [HikariPool-1 housekeeper] WARN  com.zaxxer.hikari.pool.HikariPool - HikariPool-1 - Thread starvation or clock leap detected (housekeeper delta=3m50s908ms994µs400ns).
2021-04-22 14:39:59.190 [HikariPool-1 housekeeper] WARN  com.zaxxer.hikari.pool.HikariPool - HikariPool-1 - Thread starvation or clock leap detected (housekeeper delta=14m33s548ms958µs200ns).
2021-04-22 18:36:02.065 [HikariPool-1 housekeeper] WARN  com.zaxxer.hikari.pool.HikariPool - HikariPool-1 - Thread starvation or clock leap detected (housekeeper delta=16m21s501ms654µs800ns).
2021-04-22 21:34:55.180 [restartedMain] INFO  com.ly.BlogSpringbootBackApplication - Starting BlogSpringbootBackApplication using Java 1.8.0_211 on LAPTOP-JTN9SC6G with PID 13724 (C:\Users\ASUS\Desktop\Blog\blog-springboot-back\target\classes started by ASUS in C:\Users\ASUS\Desktop\Blog\blog-springboot-back)
2021-04-22 21:34:55.183 [restartedMain] DEBUG com.ly.BlogSpringbootBackApplication - Running with Spring Boot v2.4.4, Spring v5.3.5
2021-04-22 21:34:55.183 [restartedMain] INFO  com.ly.BlogSpringbootBackApplication - No active profile set, falling back to default profiles: default
2021-04-22 21:34:55.264 [restartedMain] INFO  o.s.b.d.env.DevToolsPropertyDefaultsPostProcessor - Devtools property defaults active! Set 'spring.devtools.add-properties' to 'false' to disable
2021-04-22 21:34:55.265 [restartedMain] INFO  o.s.b.d.env.DevToolsPropertyDefaultsPostProcessor - For additional web related logging consider setting the 'logging.level.web' property to 'DEBUG'
2021-04-22 21:34:56.533 [restartedMain] INFO  o.s.d.r.config.RepositoryConfigurationDelegate - Bootstrapping Spring Data JPA repositories in DEFAULT mode.
2021-04-22 21:34:56.618 [restartedMain] INFO  o.s.d.r.config.RepositoryConfigurationDelegate - Finished Spring Data repository scanning in 67 ms. Found 1 JPA repository interfaces.
2021-04-22 21:34:57.808 [restartedMain] INFO  o.s.boot.web.embedded.tomcat.TomcatWebServer - Tomcat initialized with port(s): 8089 (http)
2021-04-22 21:34:57.819 [restartedMain] INFO  org.apache.coyote.http11.Http11NioProtocol - Initializing ProtocolHandler ["http-nio-8089"]
2021-04-22 21:34:57.819 [restartedMain] INFO  org.apache.catalina.core.StandardService - Starting service [Tomcat]
2021-04-22 21:34:57.819 [restartedMain] INFO  org.apache.catalina.core.StandardEngine - Starting Servlet engine: [Apache Tomcat/9.0.44]
2021-04-22 21:34:57.982 [restartedMain] INFO  o.a.c.core.ContainerBase.[Tomcat].[localhost].[/] - Initializing Spring embedded WebApplicationContext
2021-04-22 21:34:57.983 [restartedMain] INFO  o.s.b.w.s.c.ServletWebServerApplicationContext - Root WebApplicationContext: initialization completed in 2718 ms
2021-04-22 21:34:58.544 [restartedMain] INFO  org.hibernate.jpa.internal.util.LogHelper - HHH000204: Processing PersistenceUnitInfo [name: default]
2021-04-22 21:34:58.629 [restartedMain] INFO  org.hibernate.Version - HHH000412: Hibernate ORM core version 5.4.29.Final
2021-04-22 21:34:59.041 [restartedMain] INFO  org.hibernate.annotations.common.Version - HCANN000001: Hibernate Commons Annotations {5.1.2.Final}
2021-04-22 21:34:59.242 [restartedMain] INFO  com.zaxxer.hikari.HikariDataSource - HikariPool-1 - Starting...
2021-04-22 21:34:59.743 [restartedMain] INFO  com.zaxxer.hikari.HikariDataSource - HikariPool-1 - Start completed.
2021-04-22 21:34:59.767 [restartedMain] INFO  org.hibernate.dialect.Dialect - HHH000400: Using dialect: org.hibernate.dialect.MySQL57Dialect
2021-04-22 21:35:00.665 [restartedMain] INFO  o.h.e.t.jta.platform.internal.JtaPlatformInitiator - HHH000490: Using JtaPlatform implementation: [org.hibernate.engine.transaction.jta.platform.internal.NoJtaPlatform]
2021-04-22 21:35:00.675 [restartedMain] INFO  o.s.orm.jpa.LocalContainerEntityManagerFactoryBean - Initialized JPA EntityManagerFactory for persistence unit 'default'
2021-04-22 21:35:00.707 [restartedMain] INFO  o.s.b.d.autoconfigure.OptionalLiveReloadServer - LiveReload server is running on port 35729
2021-04-22 21:35:01.321 [restartedMain] WARN  o.s.b.a.o.j.JpaBaseConfiguration$JpaWebConfiguration - spring.jpa.open-in-view is enabled by default. Therefore, database queries may be performed during view rendering. Explicitly configure spring.jpa.open-in-view to disable this warning
2021-04-22 21:35:01.577 [restartedMain] INFO  o.s.scheduling.concurrent.ThreadPoolTaskExecutor - Initializing ExecutorService 'applicationTaskExecutor'
2021-04-22 21:35:01.920 [restartedMain] INFO  org.apache.coyote.http11.Http11NioProtocol - Starting ProtocolHandler ["http-nio-8089"]
2021-04-22 21:35:01.939 [restartedMain] INFO  o.s.boot.web.embedded.tomcat.TomcatWebServer - Tomcat started on port(s): 8089 (http) with context path ''
2021-04-22 21:35:01.948 [restartedMain] INFO  com.ly.BlogSpringbootBackApplication - Started BlogSpringbootBackApplication in 7.676 seconds (JVM running for 9.894)
2021-04-22 22:02:44.230 [http-nio-8089-exec-1] INFO  o.a.c.core.ContainerBase.[Tomcat].[localhost].[/] - Initializing Spring DispatcherServlet 'dispatcherServlet'
2021-04-22 22:02:44.231 [http-nio-8089-exec-1] INFO  org.springframework.web.servlet.DispatcherServlet - Initializing Servlet 'dispatcherServlet'
2021-04-22 22:02:44.232 [http-nio-8089-exec-1] INFO  org.springframework.web.servlet.DispatcherServlet - Completed initialization in 1 ms
2021-04-22 22:03:49.593 [http-nio-8089-exec-3] WARN  o.s.w.s.m.support.DefaultHandlerExceptionResolver - Resolved [org.springframework.web.bind.MissingServletRequestParameterException: Required String parameter 'username' is not present]
2021-04-22 22:07:02.104 [restartedMain] INFO  com.ly.BlogSpringbootBackApplication - Starting BlogSpringbootBackApplication using Java 1.8.0_211 on LAPTOP-JTN9SC6G with PID 6424 (C:\Users\ASUS\Desktop\Blog\blog-springboot-back\target\classes started by ASUS in C:\Users\ASUS\Desktop\Blog\blog-springboot-back)
2021-04-22 22:07:02.108 [restartedMain] DEBUG com.ly.BlogSpringbootBackApplication - Running with Spring Boot v2.4.4, Spring v5.3.5
2021-04-22 22:07:02.108 [restartedMain] INFO  com.ly.BlogSpringbootBackApplication - No active profile set, falling back to default profiles: default
2021-04-22 22:07:02.175 [restartedMain] INFO  o.s.b.d.env.DevToolsPropertyDefaultsPostProcessor - Devtools property defaults active! Set 'spring.devtools.add-properties' to 'false' to disable
2021-04-22 22:07:02.176 [restartedMain] INFO  o.s.b.d.env.DevToolsPropertyDefaultsPostProcessor - For additional web related logging consider setting the 'logging.level.web' property to 'DEBUG'
2021-04-22 22:07:03.167 [restartedMain] INFO  o.s.d.r.config.RepositoryConfigurationDelegate - Bootstrapping Spring Data JPA repositories in DEFAULT mode.
2021-04-22 22:07:03.251 [restartedMain] INFO  o.s.d.r.config.RepositoryConfigurationDelegate - Finished Spring Data repository scanning in 74 ms. Found 1 JPA repository interfaces.
2021-04-22 22:07:04.262 [restartedMain] INFO  o.s.boot.web.embedded.tomcat.TomcatWebServer - Tomcat initialized with port(s): 8089 (http)
2021-04-22 22:07:04.271 [restartedMain] INFO  org.apache.coyote.http11.Http11NioProtocol - Initializing ProtocolHandler ["http-nio-8089"]
2021-04-22 22:07:04.271 [restartedMain] INFO  org.apache.catalina.core.StandardService - Starting service [Tomcat]
2021-04-22 22:07:04.271 [restartedMain] INFO  org.apache.catalina.core.StandardEngine - Starting Servlet engine: [Apache Tomcat/9.0.44]
2021-04-22 22:07:04.383 [restartedMain] INFO  o.a.c.core.ContainerBase.[Tomcat].[localhost].[/] - Initializing Spring embedded WebApplicationContext
2021-04-22 22:07:04.383 [restartedMain] INFO  o.s.b.w.s.c.ServletWebServerApplicationContext - Root WebApplicationContext: initialization completed in 2206 ms
2021-04-22 22:07:04.704 [restartedMain] INFO  org.hibernate.jpa.internal.util.LogHelper - HHH000204: Processing PersistenceUnitInfo [name: default]
2021-04-22 22:07:04.792 [restartedMain] INFO  org.hibernate.Version - HHH000412: Hibernate ORM core version 5.4.29.Final
2021-04-22 22:07:05.117 [restartedMain] INFO  org.hibernate.annotations.common.Version - HCANN000001: Hibernate Commons Annotations {5.1.2.Final}
2021-04-22 22:07:05.255 [restartedMain] INFO  com.zaxxer.hikari.HikariDataSource - HikariPool-1 - Starting...
2021-04-22 22:07:05.484 [restartedMain] INFO  com.zaxxer.hikari.HikariDataSource - HikariPool-1 - Start completed.
2021-04-22 22:07:05.506 [restartedMain] INFO  org.hibernate.dialect.Dialect - HHH000400: Using dialect: org.hibernate.dialect.MySQL57Dialect
2021-04-22 22:07:06.331 [restartedMain] INFO  o.h.e.t.jta.platform.internal.JtaPlatformInitiator - HHH000490: Using JtaPlatform implementation: [org.hibernate.engine.transaction.jta.platform.internal.NoJtaPlatform]
2021-04-22 22:07:06.355 [restartedMain] INFO  o.s.orm.jpa.LocalContainerEntityManagerFactoryBean - Initialized JPA EntityManagerFactory for persistence unit 'default'
2021-04-22 22:07:06.425 [restartedMain] INFO  o.s.b.d.autoconfigure.OptionalLiveReloadServer - LiveReload server is running on port 35729
2021-04-22 22:07:07.080 [restartedMain] WARN  o.s.b.a.o.j.JpaBaseConfiguration$JpaWebConfiguration - spring.jpa.open-in-view is enabled by default. Therefore, database queries may be performed during view rendering. Explicitly configure spring.jpa.open-in-view to disable this warning
2021-04-22 22:07:07.274 [restartedMain] INFO  o.s.scheduling.concurrent.ThreadPoolTaskExecutor - Initializing ExecutorService 'applicationTaskExecutor'
2021-04-22 22:07:07.599 [restartedMain] INFO  org.apache.coyote.http11.Http11NioProtocol - Starting ProtocolHandler ["http-nio-8089"]
2021-04-22 22:07:07.617 [restartedMain] INFO  o.s.boot.web.embedded.tomcat.TomcatWebServer - Tomcat started on port(s): 8089 (http) with context path ''
2021-04-22 22:07:07.627 [restartedMain] INFO  com.ly.BlogSpringbootBackApplication - Started BlogSpringbootBackApplication in 6.172 seconds (JVM running for 7.196)
2021-04-22 22:07:19.240 [http-nio-8089-exec-1] INFO  o.a.c.core.ContainerBase.[Tomcat].[localhost].[/] - Initializing Spring DispatcherServlet 'dispatcherServlet'
2021-04-22 22:07:19.241 [http-nio-8089-exec-1] INFO  org.springframework.web.servlet.DispatcherServlet - Initializing Servlet 'dispatcherServlet'
2021-04-22 22:07:19.242 [http-nio-8089-exec-1] INFO  org.springframework.web.servlet.DispatcherServlet - Completed initialization in 1 ms
2021-04-22 22:08:49.905 [Thread-15] INFO  o.s.scheduling.concurrent.ThreadPoolTaskExecutor - Shutting down ExecutorService 'applicationTaskExecutor'
2021-04-22 22:08:49.907 [Thread-15] INFO  o.s.orm.jpa.LocalContainerEntityManagerFactoryBean - Closing JPA EntityManagerFactory for persistence unit 'default'
2021-04-22 22:08:49.939 [Thread-15] INFO  com.zaxxer.hikari.HikariDataSource - HikariPool-1 - Shutdown initiated...
2021-04-22 22:08:49.948 [Thread-15] INFO  com.zaxxer.hikari.HikariDataSource - HikariPool-1 - Shutdown completed.
2021-04-22 22:08:50.264 [restartedMain] INFO  com.ly.BlogSpringbootBackApplication - Starting BlogSpringbootBackApplication using Java 1.8.0_211 on LAPTOP-JTN9SC6G with PID 6424 (C:\Users\ASUS\Desktop\Blog\blog-springboot-back\target\classes started by ASUS in C:\Users\ASUS\Desktop\Blog\blog-springboot-back)
2021-04-22 22:08:50.264 [restartedMain] DEBUG com.ly.BlogSpringbootBackApplication - Running with Spring Boot v2.4.4, Spring v5.3.5
2021-04-22 22:08:50.265 [restartedMain] INFO  com.ly.BlogSpringbootBackApplication - No active profile set, falling back to default profiles: default
2021-04-22 22:08:50.492 [restartedMain] INFO  o.s.d.r.config.RepositoryConfigurationDelegate - Bootstrapping Spring Data JPA repositories in DEFAULT mode.
2021-04-22 22:08:50.523 [restartedMain] INFO  o.s.d.r.config.RepositoryConfigurationDelegate - Finished Spring Data repository scanning in 30 ms. Found 1 JPA repository interfaces.
2021-04-22 22:08:50.707 [restartedMain] INFO  o.s.boot.web.embedded.tomcat.TomcatWebServer - Tomcat initialized with port(s): 8089 (http)
2021-04-22 22:08:50.708 [restartedMain] INFO  org.apache.coyote.http11.Http11NioProtocol - Initializing ProtocolHandler ["http-nio-8089"]
2021-04-22 22:08:50.708 [restartedMain] INFO  org.apache.catalina.core.StandardService - Starting service [Tomcat]
2021-04-22 22:08:50.708 [restartedMain] INFO  org.apache.catalina.core.StandardEngine - Starting Servlet engine: [Apache Tomcat/9.0.44]
2021-04-22 22:08:50.743 [restartedMain] INFO  o.a.c.core.ContainerBase.[Tomcat].[localhost].[/] - Initializing Spring embedded WebApplicationContext
2021-04-22 22:08:50.743 [restartedMain] INFO  o.s.b.w.s.c.ServletWebServerApplicationContext - Root WebApplicationContext: initialization completed in 476 ms
2021-04-22 22:08:50.820 [restartedMain] INFO  org.hibernate.jpa.internal.util.LogHelper - HHH000204: Processing PersistenceUnitInfo [name: default]
2021-04-22 22:08:50.825 [restartedMain] INFO  com.zaxxer.hikari.HikariDataSource - HikariPool-2 - Starting...
2021-04-22 22:08:50.830 [restartedMain] INFO  com.zaxxer.hikari.HikariDataSource - HikariPool-2 - Start completed.
2021-04-22 22:08:50.830 [restartedMain] INFO  org.hibernate.dialect.Dialect - HHH000400: Using dialect: org.hibernate.dialect.MySQL57Dialect
2021-04-22 22:08:50.942 [restartedMain] INFO  o.h.e.t.jta.platform.internal.JtaPlatformInitiator - HHH000490: Using JtaPlatform implementation: [org.hibernate.engine.transaction.jta.platform.internal.NoJtaPlatform]
2021-04-22 22:08:50.942 [restartedMain] INFO  o.s.orm.jpa.LocalContainerEntityManagerFactoryBean - Initialized JPA EntityManagerFactory for persistence unit 'default'
2021-04-22 22:08:50.962 [restartedMain] INFO  o.s.b.d.autoconfigure.OptionalLiveReloadServer - LiveReload server is running on port 35729
2021-04-22 22:08:51.209 [restartedMain] WARN  o.s.b.a.o.j.JpaBaseConfiguration$JpaWebConfiguration - spring.jpa.open-in-view is enabled by default. Therefore, database queries may be performed during view rendering. Explicitly configure spring.jpa.open-in-view to disable this warning
2021-04-22 22:08:51.385 [restartedMain] INFO  o.s.scheduling.concurrent.ThreadPoolTaskExecutor - Initializing ExecutorService 'applicationTaskExecutor'
2021-04-22 22:08:51.742 [restartedMain] INFO  org.apache.coyote.http11.Http11NioProtocol - Starting ProtocolHandler ["http-nio-8089"]
2021-04-22 22:08:51.746 [restartedMain] INFO  o.s.boot.web.embedded.tomcat.TomcatWebServer - Tomcat started on port(s): 8089 (http) with context path ''
2021-04-22 22:08:51.751 [restartedMain] INFO  com.ly.BlogSpringbootBackApplication - Started BlogSpringbootBackApplication in 1.519 seconds (JVM running for 111.321)
2021-04-22 22:08:51.754 [restartedMain] INFO  o.s.b.d.a.ConditionEvaluationDeltaLoggingListener - Condition evaluation unchanged
2021-04-22 22:08:53.411 [Thread-26] INFO  o.s.scheduling.concurrent.ThreadPoolTaskExecutor - Shutting down ExecutorService 'applicationTaskExecutor'
2021-04-22 22:08:53.412 [Thread-26] INFO  o.s.orm.jpa.LocalContainerEntityManagerFactoryBean - Closing JPA EntityManagerFactory for persistence unit 'default'
2021-04-22 22:08:53.413 [Thread-26] INFO  com.zaxxer.hikari.HikariDataSource - HikariPool-2 - Shutdown initiated...
2021-04-22 22:08:53.418 [Thread-26] INFO  com.zaxxer.hikari.HikariDataSource - HikariPool-2 - Shutdown completed.
2021-04-22 22:08:53.635 [restartedMain] INFO  com.ly.BlogSpringbootBackApplication - Starting BlogSpringbootBackApplication using Java 1.8.0_211 on LAPTOP-JTN9SC6G with PID 6424 (C:\Users\ASUS\Desktop\Blog\blog-springboot-back\target\classes started by ASUS in C:\Users\ASUS\Desktop\Blog\blog-springboot-back)
2021-04-22 22:08:53.636 [restartedMain] DEBUG com.ly.BlogSpringbootBackApplication - Running with Spring Boot v2.4.4, Spring v5.3.5
2021-04-22 22:08:53.636 [restartedMain] INFO  com.ly.BlogSpringbootBackApplication - No active profile set, falling back to default profiles: default
2021-04-22 22:08:53.800 [restartedMain] INFO  o.s.d.r.config.RepositoryConfigurationDelegate - Bootstrapping Spring Data JPA repositories in DEFAULT mode.
2021-04-22 22:08:53.822 [restartedMain] INFO  o.s.d.r.config.RepositoryConfigurationDelegate - Finished Spring Data repository scanning in 21 ms. Found 1 JPA repository interfaces.
2021-04-22 22:08:53.966 [restartedMain] INFO  o.s.boot.web.embedded.tomcat.TomcatWebServer - Tomcat initialized with port(s): 8089 (http)
2021-04-22 22:08:53.966 [restartedMain] INFO  org.apache.coyote.http11.Http11NioProtocol - Initializing ProtocolHandler ["http-nio-8089"]
2021-04-22 22:08:53.966 [restartedMain] INFO  org.apache.catalina.core.StandardService - Starting service [Tomcat]
2021-04-22 22:08:53.966 [restartedMain] INFO  org.apache.catalina.core.StandardEngine - Starting Servlet engine: [Apache Tomcat/9.0.44]
2021-04-22 22:08:53.996 [restartedMain] INFO  o.a.c.core.ContainerBase.[Tomcat].[localhost].[/] - Initializing Spring embedded WebApplicationContext
2021-04-22 22:08:53.997 [restartedMain] INFO  o.s.b.w.s.c.ServletWebServerApplicationContext - Root WebApplicationContext: initialization completed in 358 ms
2021-04-22 22:08:54.060 [restartedMain] INFO  org.hibernate.jpa.internal.util.LogHelper - HHH000204: Processing PersistenceUnitInfo [name: default]
2021-04-22 22:08:54.064 [restartedMain] INFO  com.zaxxer.hikari.HikariDataSource - HikariPool-3 - Starting...
2021-04-22 22:08:54.070 [restartedMain] INFO  com.zaxxer.hikari.HikariDataSource - HikariPool-3 - Start completed.
2021-04-22 22:08:54.070 [restartedMain] INFO  org.hibernate.dialect.Dialect - HHH000400: Using dialect: org.hibernate.dialect.MySQL57Dialect
2021-04-22 22:08:54.171 [restartedMain] INFO  o.h.e.t.jta.platform.internal.JtaPlatformInitiator - HHH000490: Using JtaPlatform implementation: [org.hibernate.engine.transaction.jta.platform.internal.NoJtaPlatform]
2021-04-22 22:08:54.172 [restartedMain] INFO  o.s.orm.jpa.LocalContainerEntityManagerFactoryBean - Initialized JPA EntityManagerFactory for persistence unit 'default'
2021-04-22 22:08:54.192 [restartedMain] INFO  o.s.b.d.autoconfigure.OptionalLiveReloadServer - LiveReload server is running on port 35729
2021-04-22 22:08:54.407 [restartedMain] WARN  o.s.b.a.o.j.JpaBaseConfiguration$JpaWebConfiguration - spring.jpa.open-in-view is enabled by default. Therefore, database queries may be performed during view rendering. Explicitly configure spring.jpa.open-in-view to disable this warning
2021-04-22 22:08:54.548 [restartedMain] INFO  o.s.scheduling.concurrent.ThreadPoolTaskExecutor - Initializing ExecutorService 'applicationTaskExecutor'
2021-04-22 22:08:54.741 [restartedMain] INFO  org.apache.coyote.http11.Http11NioProtocol - Starting ProtocolHandler ["http-nio-8089"]
2021-04-22 22:08:54.744 [restartedMain] INFO  o.s.boot.web.embedded.tomcat.TomcatWebServer - Tomcat started on port(s): 8089 (http) with context path ''
2021-04-22 22:08:54.748 [restartedMain] INFO  com.ly.BlogSpringbootBackApplication - Started BlogSpringbootBackApplication in 1.143 seconds (JVM running for 114.318)
2021-04-22 22:08:54.749 [restartedMain] INFO  o.s.b.d.a.ConditionEvaluationDeltaLoggingListener - Condition evaluation unchanged
2021-04-22 22:09:07.815 [http-nio-8089-exec-2] INFO  o.a.c.core.ContainerBase.[Tomcat].[localhost].[/] - Initializing Spring DispatcherServlet 'dispatcherServlet'
2021-04-22 22:09:07.818 [http-nio-8089-exec-2] INFO  org.springframework.web.servlet.DispatcherServlet - Initializing Servlet 'dispatcherServlet'
2021-04-22 22:09:07.819 [http-nio-8089-exec-2] INFO  org.springframework.web.servlet.DispatcherServlet - Completed initialization in 1 ms
2021-04-22 22:11:47.947 [Thread-31] INFO  o.s.scheduling.concurrent.ThreadPoolTaskExecutor - Shutting down ExecutorService 'applicationTaskExecutor'
2021-04-22 22:11:47.948 [Thread-31] INFO  o.s.orm.jpa.LocalContainerEntityManagerFactoryBean - Closing JPA EntityManagerFactory for persistence unit 'default'
2021-04-22 22:11:47.950 [Thread-31] INFO  com.zaxxer.hikari.HikariDataSource - HikariPool-3 - Shutdown initiated...
2021-04-22 22:11:47.957 [Thread-31] INFO  com.zaxxer.hikari.HikariDataSource - HikariPool-3 - Shutdown completed.
2021-04-22 22:11:48.278 [restartedMain] INFO  com.ly.BlogSpringbootBackApplication - Starting BlogSpringbootBackApplication using Java 1.8.0_211 on LAPTOP-JTN9SC6G with PID 6424 (C:\Users\ASUS\Desktop\Blog\blog-springboot-back\target\classes started by ASUS in C:\Users\ASUS\Desktop\Blog\blog-springboot-back)
2021-04-22 22:11:48.278 [restartedMain] DEBUG com.ly.BlogSpringbootBackApplication - Running with Spring Boot v2.4.4, Spring v5.3.5
2021-04-22 22:11:48.278 [restartedMain] INFO  com.ly.BlogSpringbootBackApplication - No active profile set, falling back to default profiles: default
2021-04-22 22:11:48.520 [restartedMain] INFO  o.s.d.r.config.RepositoryConfigurationDelegate - Bootstrapping Spring Data JPA repositories in DEFAULT mode.
2021-04-22 22:11:48.541 [restartedMain] INFO  o.s.d.r.config.RepositoryConfigurationDelegate - Finished Spring Data repository scanning in 20 ms. Found 1 JPA repository interfaces.
2021-04-22 22:11:48.680 [restartedMain] INFO  o.s.boot.web.embedded.tomcat.TomcatWebServer - Tomcat initialized with port(s): 8089 (http)
2021-04-22 22:11:48.681 [restartedMain] INFO  org.apache.coyote.http11.Http11NioProtocol - Initializing ProtocolHandler ["http-nio-8089"]
2021-04-22 22:11:48.681 [restartedMain] INFO  org.apache.catalina.core.StandardService - Starting service [Tomcat]
2021-04-22 22:11:48.681 [restartedMain] INFO  org.apache.catalina.core.StandardEngine - Starting Servlet engine: [Apache Tomcat/9.0.44]
2021-04-22 22:11:48.702 [restartedMain] INFO  o.a.c.core.ContainerBase.[Tomcat].[localhost].[/] - Initializing Spring embedded WebApplicationContext
2021-04-22 22:11:48.702 [restartedMain] INFO  o.s.b.w.s.c.ServletWebServerApplicationContext - Root WebApplicationContext: initialization completed in 420 ms
2021-04-22 22:11:48.792 [restartedMain] INFO  org.hibernate.jpa.internal.util.LogHelper - HHH000204: Processing PersistenceUnitInfo [name: default]
2021-04-22 22:11:48.797 [restartedMain] INFO  com.zaxxer.hikari.HikariDataSource - HikariPool-4 - Starting...
2021-04-22 22:11:48.803 [restartedMain] INFO  com.zaxxer.hikari.HikariDataSource - HikariPool-4 - Start completed.
2021-04-22 22:11:48.804 [restartedMain] INFO  org.hibernate.dialect.Dialect - HHH000400: Using dialect: org.hibernate.dialect.MySQL57Dialect
2021-04-22 22:11:48.926 [restartedMain] INFO  o.h.e.t.jta.platform.internal.JtaPlatformInitiator - HHH000490: Using JtaPlatform implementation: [org.hibernate.engine.transaction.jta.platform.internal.NoJtaPlatform]
2021-04-22 22:11:48.926 [restartedMain] INFO  o.s.orm.jpa.LocalContainerEntityManagerFactoryBean - Initialized JPA EntityManagerFactory for persistence unit 'default'
2021-04-22 22:11:48.953 [restartedMain] INFO  o.s.b.d.autoconfigure.OptionalLiveReloadServer - LiveReload server is running on port 35729
2021-04-22 22:11:49.220 [restartedMain] WARN  o.s.b.a.o.j.JpaBaseConfiguration$JpaWebConfiguration - spring.jpa.open-in-view is enabled by default. Therefore, database queries may be performed during view rendering. Explicitly configure spring.jpa.open-in-view to disable this warning
2021-04-22 22:11:49.362 [restartedMain] INFO  o.s.scheduling.concurrent.ThreadPoolTaskExecutor - Initializing ExecutorService 'applicationTaskExecutor'
2021-04-22 22:11:49.564 [restartedMain] INFO  org.apache.coyote.http11.Http11NioProtocol - Starting ProtocolHandler ["http-nio-8089"]
2021-04-22 22:11:49.566 [restartedMain] INFO  o.s.boot.web.embedded.tomcat.TomcatWebServer - Tomcat started on port(s): 8089 (http) with context path ''
2021-04-22 22:11:49.570 [restartedMain] INFO  com.ly.BlogSpringbootBackApplication - Started BlogSpringbootBackApplication in 1.341 seconds (JVM running for 289.14)
2021-04-22 22:11:49.571 [restartedMain] INFO  o.s.b.d.a.ConditionEvaluationDeltaLoggingListener - Condition evaluation unchanged
2021-04-22 22:11:51.209 [Thread-36] INFO  o.s.scheduling.concurrent.ThreadPoolTaskExecutor - Shutting down ExecutorService 'applicationTaskExecutor'
2021-04-22 22:11:51.210 [Thread-36] INFO  o.s.orm.jpa.LocalContainerEntityManagerFactoryBean - Closing JPA EntityManagerFactory for persistence unit 'default'
2021-04-22 22:11:51.211 [Thread-36] INFO  com.zaxxer.hikari.HikariDataSource - HikariPool-4 - Shutdown initiated...
2021-04-22 22:11:51.215 [Thread-36] INFO  com.zaxxer.hikari.HikariDataSource - HikariPool-4 - Shutdown completed.
2021-04-22 22:11:51.410 [restartedMain] INFO  com.ly.BlogSpringbootBackApplication - Starting BlogSpringbootBackApplication using Java 1.8.0_211 on LAPTOP-JTN9SC6G with PID 6424 (C:\Users\ASUS\Desktop\Blog\blog-springboot-back\target\classes started by ASUS in C:\Users\ASUS\Desktop\Blog\blog-springboot-back)
2021-04-22 22:11:51.410 [restartedMain] DEBUG com.ly.BlogSpringbootBackApplication - Running with Spring Boot v2.4.4, Spring v5.3.5
2021-04-22 22:11:51.410 [restartedMain] INFO  com.ly.BlogSpringbootBackApplication - No active profile set, falling back to default profiles: default
2021-04-22 22:11:51.554 [restartedMain] INFO  o.s.d.r.config.RepositoryConfigurationDelegate - Bootstrapping Spring Data JPA repositories in DEFAULT mode.
2021-04-22 22:11:51.572 [restartedMain] INFO  o.s.d.r.config.RepositoryConfigurationDelegate - Finished Spring Data repository scanning in 17 ms. Found 1 JPA repository interfaces.
2021-04-22 22:11:51.690 [restartedMain] INFO  o.s.boot.web.embedded.tomcat.TomcatWebServer - Tomcat initialized with port(s): 8089 (http)
2021-04-22 22:11:51.691 [restartedMain] INFO  org.apache.coyote.http11.Http11NioProtocol - Initializing ProtocolHandler ["http-nio-8089"]
2021-04-22 22:11:51.691 [restartedMain] INFO  org.apache.catalina.core.StandardService - Starting service [Tomcat]
2021-04-22 22:11:51.691 [restartedMain] INFO  org.apache.catalina.core.StandardEngine - Starting Servlet engine: [Apache Tomcat/9.0.44]
2021-04-22 22:11:51.709 [restartedMain] INFO  o.a.c.core.ContainerBase.[Tomcat].[localhost].[/] - Initializing Spring embedded WebApplicationContext
2021-04-22 22:11:51.709 [restartedMain] INFO  o.s.b.w.s.c.ServletWebServerApplicationContext - Root WebApplicationContext: initialization completed in 297 ms
2021-04-22 22:11:51.768 [restartedMain] INFO  org.hibernate.jpa.internal.util.LogHelper - HHH000204: Processing PersistenceUnitInfo [name: default]
2021-04-22 22:11:51.772 [restartedMain] INFO  com.zaxxer.hikari.HikariDataSource - HikariPool-5 - Starting...
2021-04-22 22:11:51.777 [restartedMain] INFO  com.zaxxer.hikari.HikariDataSource - HikariPool-5 - Start completed.
2021-04-22 22:11:51.777 [restartedMain] INFO  org.hibernate.dialect.Dialect - HHH000400: Using dialect: org.hibernate.dialect.MySQL57Dialect
2021-04-22 22:11:51.850 [restartedMain] INFO  o.h.e.t.jta.platform.internal.JtaPlatformInitiator - HHH000490: Using JtaPlatform implementation: [org.hibernate.engine.transaction.jta.platform.internal.NoJtaPlatform]
2021-04-22 22:11:51.850 [restartedMain] INFO  o.s.orm.jpa.LocalContainerEntityManagerFactoryBean - Initialized JPA EntityManagerFactory for persistence unit 'default'
2021-04-22 22:11:51.863 [restartedMain] INFO  o.s.b.d.autoconfigure.OptionalLiveReloadServer - LiveReload server is running on port 35729
2021-04-22 22:11:52.064 [restartedMain] WARN  o.s.b.a.o.j.JpaBaseConfiguration$JpaWebConfiguration - spring.jpa.open-in-view is enabled by default. Therefore, database queries may be performed during view rendering. Explicitly configure spring.jpa.open-in-view to disable this warning
2021-04-22 22:11:52.190 [restartedMain] INFO  o.s.scheduling.concurrent.ThreadPoolTaskExecutor - Initializing ExecutorService 'applicationTaskExecutor'
2021-04-22 22:11:52.360 [restartedMain] INFO  org.apache.coyote.http11.Http11NioProtocol - Starting ProtocolHandler ["http-nio-8089"]
2021-04-22 22:11:52.363 [restartedMain] INFO  o.s.boot.web.embedded.tomcat.TomcatWebServer - Tomcat started on port(s): 8089 (http) with context path ''
2021-04-22 22:11:52.366 [restartedMain] INFO  com.ly.BlogSpringbootBackApplication - Started BlogSpringbootBackApplication in 0.981 seconds (JVM running for 291.936)
2021-04-22 22:11:52.367 [restartedMain] INFO  o.s.b.d.a.ConditionEvaluationDeltaLoggingListener - Condition evaluation unchanged
2021-04-22 22:12:04.585 [http-nio-8089-exec-2] INFO  o.a.c.core.ContainerBase.[Tomcat].[localhost].[/] - Initializing Spring DispatcherServlet 'dispatcherServlet'
2021-04-22 22:12:04.588 [http-nio-8089-exec-2] INFO  org.springframework.web.servlet.DispatcherServlet - Initializing Servlet 'dispatcherServlet'
2021-04-22 22:12:04.592 [http-nio-8089-exec-2] INFO  org.springframework.web.servlet.DispatcherServlet - Completed initialization in 3 ms
2021-04-22 22:37:54.856 [restartedMain] INFO  com.ly.BlogSpringbootBackApplication - Starting BlogSpringbootBackApplication using Java 1.8.0_211 on LAPTOP-JTN9SC6G with PID 14844 (C:\Users\ASUS\Desktop\Blog\blog-springboot-back\target\classes started by ASUS in C:\Users\ASUS\Desktop\Blog\blog-springboot-back)
2021-04-22 22:37:54.859 [restartedMain] DEBUG com.ly.BlogSpringbootBackApplication - Running with Spring Boot v2.4.4, Spring v5.3.5
2021-04-22 22:37:54.859 [restartedMain] INFO  com.ly.BlogSpringbootBackApplication - No active profile set, falling back to default profiles: default
2021-04-22 22:37:54.897 [restartedMain] INFO  o.s.b.d.env.DevToolsPropertyDefaultsPostProcessor - Devtools property defaults active! Set 'spring.devtools.add-properties' to 'false' to disable
2021-04-22 22:37:54.898 [restartedMain] INFO  o.s.b.d.env.DevToolsPropertyDefaultsPostProcessor - For additional web related logging consider setting the 'logging.level.web' property to 'DEBUG'
2021-04-22 22:37:55.837 [restartedMain] INFO  o.s.d.r.config.RepositoryConfigurationDelegate - Bootstrapping Spring Data JPA repositories in DEFAULT mode.
2021-04-22 22:37:55.902 [restartedMain] INFO  o.s.d.r.config.RepositoryConfigurationDelegate - Finished Spring Data repository scanning in 56 ms. Found 1 JPA repository interfaces.
2021-04-22 22:37:56.736 [restartedMain] INFO  o.s.boot.web.embedded.tomcat.TomcatWebServer - Tomcat initialized with port(s): 8089 (http)
2021-04-22 22:37:56.745 [restartedMain] INFO  org.apache.coyote.http11.Http11NioProtocol - Initializing ProtocolHandler ["http-nio-8089"]
2021-04-22 22:37:56.745 [restartedMain] INFO  org.apache.catalina.core.StandardService - Starting service [Tomcat]
2021-04-22 22:37:56.745 [restartedMain] INFO  org.apache.catalina.core.StandardEngine - Starting Servlet engine: [Apache Tomcat/9.0.44]
2021-04-22 22:37:56.840 [restartedMain] INFO  o.a.c.core.ContainerBase.[Tomcat].[localhost].[/] - Initializing Spring embedded WebApplicationContext
2021-04-22 22:37:56.840 [restartedMain] INFO  o.s.b.w.s.c.ServletWebServerApplicationContext - Root WebApplicationContext: initialization completed in 1931 ms
2021-04-22 22:37:57.235 [restartedMain] INFO  org.hibernate.jpa.internal.util.LogHelper - HHH000204: Processing PersistenceUnitInfo [name: default]
2021-04-22 22:37:57.356 [restartedMain] INFO  org.hibernate.Version - HHH000412: Hibernate ORM core version 5.4.29.Final
2021-04-22 22:37:57.641 [restartedMain] INFO  org.hibernate.annotations.common.Version - HCANN000001: Hibernate Commons Annotations {5.1.2.Final}
2021-04-22 22:37:57.805 [restartedMain] INFO  com.zaxxer.hikari.HikariDataSource - HikariPool-1 - Starting...
2021-04-22 22:37:58.058 [restartedMain] INFO  com.zaxxer.hikari.HikariDataSource - HikariPool-1 - Start completed.
2021-04-22 22:37:58.079 [restartedMain] INFO  org.hibernate.dialect.Dialect - HHH000400: Using dialect: org.hibernate.dialect.MySQL57Dialect
2021-04-22 22:37:58.959 [restartedMain] INFO  o.h.e.t.jta.platform.internal.JtaPlatformInitiator - HHH000490: Using JtaPlatform implementation: [org.hibernate.engine.transaction.jta.platform.internal.NoJtaPlatform]
2021-04-22 22:37:58.968 [restartedMain] INFO  o.s.orm.jpa.LocalContainerEntityManagerFactoryBean - Initialized JPA EntityManagerFactory for persistence unit 'default'
2021-04-22 22:37:58.997 [restartedMain] INFO  o.s.b.d.autoconfigure.OptionalLiveReloadServer - LiveReload server is running on port 35729
2021-04-22 22:37:59.635 [restartedMain] WARN  o.s.b.a.o.j.JpaBaseConfiguration$JpaWebConfiguration - spring.jpa.open-in-view is enabled by default. Therefore, database queries may be performed during view rendering. Explicitly configure spring.jpa.open-in-view to disable this warning
2021-04-22 22:37:59.813 [restartedMain] INFO  o.s.scheduling.concurrent.ThreadPoolTaskExecutor - Initializing ExecutorService 'applicationTaskExecutor'
2021-04-22 22:38:00.123 [restartedMain] INFO  org.apache.coyote.http11.Http11NioProtocol - Starting ProtocolHandler ["http-nio-8089"]
2021-04-22 22:38:00.142 [restartedMain] INFO  o.s.boot.web.embedded.tomcat.TomcatWebServer - Tomcat started on port(s): 8089 (http) with context path ''
2021-04-22 22:38:00.151 [restartedMain] INFO  com.ly.BlogSpringbootBackApplication - Started BlogSpringbootBackApplication in 5.847 seconds (JVM running for 6.906)
2021-04-22 22:38:09.562 [http-nio-8089-exec-1] INFO  o.a.c.core.ContainerBase.[Tomcat].[localhost].[/] - Initializing Spring DispatcherServlet 'dispatcherServlet'
2021-04-22 22:38:09.563 [http-nio-8089-exec-1] INFO  org.springframework.web.servlet.DispatcherServlet - Initializing Servlet 'dispatcherServlet'
2021-04-22 22:38:09.564 [http-nio-8089-exec-1] INFO  org.springframework.web.servlet.DispatcherServlet - Completed initialization in 1 ms
2021-04-23 01:55:23.160 [HikariPool-1 housekeeper] WARN  com.zaxxer.hikari.pool.HikariPool - HikariPool-1 - Thread starvation or clock leap detected (housekeeper delta=3h1m54s981ms407µs800ns).
2021-04-23 05:27:18.548 [HikariPool-1 housekeeper] WARN  com.zaxxer.hikari.pool.HikariPool - HikariPool-1 - Thread starvation or clock leap detected (housekeeper delta=3h1m55s336ms213µs600ns).
2021-04-23 08:59:15.448 [HikariPool-1 housekeeper] WARN  com.zaxxer.hikari.pool.HikariPool - HikariPool-1 - Thread starvation or clock leap detected (housekeeper delta=3h1m56s849ms521µs100ns).
2021-04-23 09:53:27.210 [HikariPool-1 housekeeper] WARN  com.zaxxer.hikari.pool.HikariPool - HikariPool-1 - Thread starvation or clock leap detected (housekeeper delta=24m11s693ms406µs400ns).
2021-04-23 10:41:48.314 [http-nio-8089-exec-5] WARN  o.s.w.s.m.support.DefaultHandlerExceptionResolver - Resolved [org.springframework.web.HttpRequestMethodNotSupportedException: Request method 'POST' not supported]
2021-04-23 10:43:40.460 [http-nio-8089-exec-9] WARN  o.s.w.s.m.support.DefaultHandlerExceptionResolver - Resolved [org.springframework.web.HttpRequestMethodNotSupportedException: Request method 'POST' not supported]
2021-04-23 10:45:07.521 [http-nio-8089-exec-1] WARN  o.s.w.s.m.support.DefaultHandlerExceptionResolver - Resolved [org.springframework.web.method.annotation.MethodArgumentTypeMismatchException: Failed to convert value of type 'java.lang.String' to required type 'java.lang.Integer'; nested exception is java.lang.NumberFormatException: For input string: "admin"]
