2021-05-19 10:20:32.237 [restartedMain] INFO  com.ly.BlogSpringbootBackApplication - Starting BlogSpringbootBackApplication using Java 1.8.0_211 on LAPTOP-JTN9SC6G with PID 22404 (C:\Users\ASUS\Desktop\Blog\blog-springboot-back\target\classes started by ASUS in C:\Users\ASUS\Desktop\Blog\blog-springboot-back)
2021-05-19 10:20:32.241 [restartedMain] DEBUG com.ly.BlogSpringbootBackApplication - Running with Spring Boot v2.4.4, Spring v5.3.5
2021-05-19 10:20:32.241 [restartedMain] INFO  com.ly.BlogSpringbootBackApplication - No active profile set, falling back to default profiles: default
2021-05-19 10:20:32.313 [restartedMain] INFO  o.s.b.d.env.DevToolsPropertyDefaultsPostProcessor - Devtools property defaults active! Set 'spring.devtools.add-properties' to 'false' to disable
2021-05-19 10:20:32.313 [restartedMain] INFO  o.s.b.d.env.DevToolsPropertyDefaultsPostProcessor - For additional web related logging consider setting the 'logging.level.web' property to 'DEBUG'
2021-05-19 10:20:33.980 [restartedMain] INFO  o.s.boot.web.embedded.tomcat.TomcatWebServer - Tomcat initialized with port(s): 8089 (http)
2021-05-19 10:20:33.989 [restartedMain] INFO  org.apache.coyote.http11.Http11NioProtocol - Initializing ProtocolHandler ["http-nio-8089"]
2021-05-19 10:20:33.990 [restartedMain] INFO  org.apache.catalina.core.StandardService - Starting service [Tomcat]
2021-05-19 10:20:33.990 [restartedMain] INFO  org.apache.catalina.core.StandardEngine - Starting Servlet engine: [Apache Tomcat/9.0.44]
2021-05-19 10:20:34.065 [restartedMain] INFO  o.a.c.core.ContainerBase.[Tomcat].[localhost].[/] - Initializing Spring embedded WebApplicationContext
2021-05-19 10:20:34.065 [restartedMain] INFO  o.s.b.w.s.c.ServletWebServerApplicationContext - Root WebApplicationContext: initialization completed in 1751 ms
2021-05-19 10:20:34.721 [restartedMain] INFO  o.s.scheduling.concurrent.ThreadPoolTaskExecutor - Initializing ExecutorService 'applicationTaskExecutor'
2021-05-19 10:20:35.068 [restartedMain] INFO  o.s.b.d.autoconfigure.OptionalLiveReloadServer - LiveReload server is running on port 35729
2021-05-19 10:20:35.080 [restartedMain] INFO  org.apache.coyote.http11.Http11NioProtocol - Starting ProtocolHandler ["http-nio-8089"]
2021-05-19 10:20:35.102 [restartedMain] INFO  o.s.boot.web.embedded.tomcat.TomcatWebServer - Tomcat started on port(s): 8089 (http) with context path ''
2021-05-19 10:20:35.192 [restartedMain] INFO  com.ly.BlogSpringbootBackApplication - Started BlogSpringbootBackApplication in 3.742 seconds (JVM running for 9.225)
2021-05-19 11:12:16.137 [restartedMain] INFO  com.ly.BlogSpringbootBackApplication - Starting BlogSpringbootBackApplication using Java 1.8.0_211 on LAPTOP-JTN9SC6G with PID 21940 (C:\Users\ASUS\Desktop\Blog\blog-springboot-back\target\classes started by ASUS in C:\Users\ASUS\Desktop\Blog\blog-springboot-back)
2021-05-19 11:12:16.148 [restartedMain] DEBUG com.ly.BlogSpringbootBackApplication - Running with Spring Boot v2.4.4, Spring v5.3.5
2021-05-19 11:12:16.148 [restartedMain] INFO  com.ly.BlogSpringbootBackApplication - No active profile set, falling back to default profiles: default
2021-05-19 11:12:16.218 [restartedMain] INFO  o.s.b.d.env.DevToolsPropertyDefaultsPostProcessor - Devtools property defaults active! Set 'spring.devtools.add-properties' to 'false' to disable
2021-05-19 11:12:16.218 [restartedMain] INFO  o.s.b.d.env.DevToolsPropertyDefaultsPostProcessor - For additional web related logging consider setting the 'logging.level.web' property to 'DEBUG'
2021-05-19 11:12:17.974 [restartedMain] INFO  o.s.boot.web.embedded.tomcat.TomcatWebServer - Tomcat initialized with port(s): 8089 (http)
2021-05-19 11:12:17.985 [restartedMain] INFO  org.apache.coyote.http11.Http11NioProtocol - Initializing ProtocolHandler ["http-nio-8089"]
2021-05-19 11:12:17.986 [restartedMain] INFO  org.apache.catalina.core.StandardService - Starting service [Tomcat]
2021-05-19 11:12:17.986 [restartedMain] INFO  org.apache.catalina.core.StandardEngine - Starting Servlet engine: [Apache Tomcat/9.0.44]
2021-05-19 11:12:18.084 [restartedMain] INFO  o.a.c.core.ContainerBase.[Tomcat].[localhost].[/] - Initializing Spring embedded WebApplicationContext
2021-05-19 11:12:18.084 [restartedMain] INFO  o.s.b.w.s.c.ServletWebServerApplicationContext - Root WebApplicationContext: initialization completed in 1865 ms
2021-05-19 11:12:18.781 [restartedMain] INFO  o.s.scheduling.concurrent.ThreadPoolTaskExecutor - Initializing ExecutorService 'applicationTaskExecutor'
2021-05-19 11:12:19.272 [restartedMain] WARN  o.s.b.d.autoconfigure.OptionalLiveReloadServer - Unable to start LiveReload server
2021-05-19 11:12:19.283 [restartedMain] INFO  org.apache.coyote.http11.Http11NioProtocol - Starting ProtocolHandler ["http-nio-8089"]
2021-05-19 11:12:19.296 [restartedMain] WARN  o.s.b.w.s.c.AnnotationConfigServletWebServerApplicationContext - Exception encountered during context initialization - cancelling refresh attempt: org.springframework.context.ApplicationContextException: Failed to start bean 'webServerStartStop'; nested exception is org.springframework.boot.web.server.PortInUseException: Port 8089 is already in use
2021-05-19 11:12:19.298 [restartedMain] INFO  o.s.scheduling.concurrent.ThreadPoolTaskExecutor - Shutting down ExecutorService 'applicationTaskExecutor'
2021-05-19 11:12:19.302 [restartedMain] INFO  org.apache.coyote.http11.Http11NioProtocol - Pausing ProtocolHandler ["http-nio-8089"]
2021-05-19 11:12:19.302 [restartedMain] INFO  org.apache.catalina.core.StandardService - Stopping service [Tomcat]
2021-05-19 11:12:19.307 [restartedMain] INFO  org.apache.coyote.http11.Http11NioProtocol - Stopping ProtocolHandler ["http-nio-8089"]
2021-05-19 11:12:19.308 [restartedMain] INFO  org.apache.coyote.http11.Http11NioProtocol - Destroying ProtocolHandler ["http-nio-8089"]
2021-05-19 11:12:19.317 [restartedMain] INFO  o.s.b.a.l.ConditionEvaluationReportLoggingListener - 

Error starting ApplicationContext. To display the conditions report re-run your application with 'debug' enabled.
2021-05-19 11:12:19.348 [restartedMain] ERROR o.s.b.diagnostics.LoggingFailureAnalysisReporter - 

***************************
APPLICATION FAILED TO START
***************************

Description:

Web server failed to start. Port 8089 was already in use.

Action:

Identify and stop the process that's listening on port 8089 or configure this application to listen on another port.

